# JRE version: OpenJDK Runtime Environment Temurin-17.0.5+8 (17.0.5+8) (build 17.0.5+8)
# Java VM: OpenJDK 64-Bit Server VM Temurin-17.0.5+8 (17.0.5+8, mixed mode, emulated-client, tiered, compressed oops, compressed class ptrs, g1 gc, windows-amd64)
GC Precious Log:
 CPUs: 4 total, 4 available
 Memory: 8085M
 Large Page Support: Disabled
 NUMA Support: Disabled
 Compressed Oops: Enabled (32-bit)
 Heap Region Size: 1M
 Heap Min Capacity: 8M
 Heap Initial Capacity: 128M
 Heap Max Capacity: 1G
 Pre-touch: Disabled
 Parallel Workers: 4
 Concurrent Workers: 1
 Concurrent Refinement Workers: 4
 Periodic GC: Disabled
Heap:
 garbage-first heap   total 266240K, used 79034K [0x00000000c0000000, 0x0000000100000000)
  region size 1024K, 1 young (1024K), 0 survivors (0K)
 Metaspace       used 69046K, committed 69824K, reserved 1114112K
  class space    used 9352K, committed 9664K, reserved 1048576K
GC Heap History (20 events):
Event: 318.222 GC heap before
{Heap before GC invocations=84 (full 25):
 garbage-first heap   total 266240K, used 79034K [0x00000000c0000000, 0x0000000100000000)
  region size 1024K, 1 young (1024K), 0 survivors (0K)
 Metaspace       used 69046K, committed 69824K, reserved 1114112K
  class space    used 9352K, committed 9664K, reserved 1048576K
}
Event: 318.266 GC heap after
{Heap after GC invocations=85 (full 26):
 garbage-first heap   total 266240K, used 79034K [0x00000000c0000000, 0x0000000100000000)
  region size 1024K, 0 young (0K), 0 survivors (0K)
 Metaspace       used 69046K, committed 69824K, reserved 1114112K
  class space    used 9352K, committed 9664K, reserved 1048576K
}
Event: 328.967 GC heap before
{Heap before GC invocations=85 (full 26):
 garbage-first heap   total 266240K, used 79034K [0x00000000c0000000, 0x0000000100000000)
  region size 1024K, 1 young (1024K), 0 survivors (0K)
 Metaspace       used 69046K, committed 69824K, reserved 1114112K
  class space    used 9352K, committed 9664K, reserved 1048576K
}
Event: 329.012 GC heap after
{Heap after GC invocations=86 (full 27):
 garbage-first heap   total 266240K, used 79034K [0x00000000c0000000, 0x0000000100000000)
  region size 1024K, 0 young (0K), 0 survivors (0K)
 Metaspace       used 69046K, committed 69824K, reserved 1114112K
  class space    used 9352K, committed 9664K, reserved 1048576K
}
Event: 339.648 GC heap before
{Heap before GC invocations=86 (full 27):
 garbage-first heap   total 266240K, used 79034K [0x00000000c0000000, 0x0000000100000000)
  region size 1024K, 1 young (1024K), 0 survivors (0K)
 Metaspace       used 69046K, committed 69824K, reserved 1114112K
  class space    used 9352K, committed 9664K, reserved 1048576K
}
Event: 339.693 GC heap after
{Heap after GC invocations=87 (full 28):
 garbage-first heap   total 266240K, used 79034K [0x00000000c0000000, 0x0000000100000000)
  region size 1024K, 0 young (0K), 0 survivors (0K)
 Metaspace       used 69046K, committed 69824K, reserved 1114112K
  class space    used 9352K, committed 9664K, reserved 1048576K
}
Event: 350.740 GC heap before
{Heap before GC invocations=87 (full 28):
 garbage-first heap   total 266240K, used 79034K [0x00000000c0000000, 0x0000000100000000)
  region size 1024K, 1 young (1024K), 0 survivors (0K)
 Metaspace       used 69046K, committed 69824K, reserved 1114112K
  class space    used 9352K, committed 9664K, reserved 1048576K
}
Event: 350.787 GC heap after
{Heap after GC invocations=88 (full 29):
 garbage-first heap   total 266240K, used 79034K [0x00000000c0000000, 0x0000000100000000)
  region size 1024K, 0 young (0K), 0 survivors (0K)
 Metaspace       used 69046K, committed 69824K, reserved 1114112K
  class space    used 9352K, committed 9664K, reserved 1048576K
}
Event: 362.421 GC heap before
{Heap before GC invocations=88 (full 29):
 garbage-first heap   total 266240K, used 79034K [0x00000000c0000000, 0x0000000100000000)
  region size 1024K, 1 young (1024K), 0 survivors (0K)
 Metaspace       used 69046K, committed 69824K, reserved 1114112K
  class space    used 9352K, committed 9664K, reserved 1048576K
}
Event: 362.467 GC heap after
{Heap after GC invocations=89 (full 30):
 garbage-first heap   total 266240K, used 79034K [0x00000000c0000000, 0x0000000100000000)
  region size 1024K, 0 young (0K), 0 survivors (0K)
 Metaspace       used 69046K, committed 69824K, reserved 1114112K
  class space    used 9352K, committed 9664K, reserved 1048576K
}
Event: 374.087 GC heap before
{Heap before GC invocations=89 (full 30):
 garbage-first heap   total 266240K, used 79034K [0x00000000c0000000, 0x0000000100000000)
  region size 1024K, 1 young (1024K), 0 survivors (0K)
 Metaspace       used 69046K, committed 69824K, reserved 1114112K
  class space    used 9352K, committed 9664K, reserved 1048576K
}
Event: 374.135 GC heap after
{Heap after GC invocations=90 (full 31):
 garbage-first heap   total 266240K, used 79034K [0x00000000c0000000, 0x0000000100000000)
  region size 1024K, 0 young (0K), 0 survivors (0K)
 Metaspace       used 69046K, committed 69824K, reserved 1114112K
  class space    used 9352K, committed 9664K, reserved 1048576K
}
Event: 385.225 GC heap before
{Heap before GC invocations=90 (full 31):
 garbage-first heap   total 266240K, used 79034K [0x00000000c0000000, 0x0000000100000000)
  region size 1024K, 1 young (1024K), 0 survivors (0K)
 Metaspace       used 69046K, committed 69824K, reserved 1114112K
  class space    used 9352K, committed 9664K, reserved 1048576K
}
Event: 385.273 GC heap after
{Heap after GC invocations=91 (full 32):
 garbage-first heap   total 266240K, used 79034K [0x00000000c0000000, 0x0000000100000000)
  region size 1024K, 0 young (0K), 0 survivors (0K)
 Metaspace       used 69046K, committed 69824K, reserved 1114112K
  class space    used 9352K, committed 9664K, reserved 1048576K
}
Event: 395.904 GC heap before
{Heap before GC invocations=91 (full 32):
 garbage-first heap   total 266240K, used 79034K [0x00000000c0000000, 0x0000000100000000)
  region size 1024K, 1 young (1024K), 0 survivors (0K)
 Metaspace       used 69046K, committed 69824K, reserved 1114112K
  class space    used 9352K, committed 9664K, reserved 1048576K
}
Event: 395.948 GC heap after
{Heap after GC invocations=92 (full 33):
 garbage-first heap   total 266240K, used 79034K [0x00000000c0000000, 0x0000000100000000)
  region size 1024K, 0 young (0K), 0 survivors (0K)
 Metaspace       used 69046K, committed 69824K, reserved 1114112K
  class space    used 9352K, committed 9664K, reserved 1048576K
}
Event: 407.850 GC heap before
{Heap before GC invocations=92 (full 33):
 garbage-first heap   total 266240K, used 79034K [0x00000000c0000000, 0x0000000100000000)
  region size 1024K, 1 young (1024K), 0 survivors (0K)
 Metaspace       used 69046K, committed 69824K, reserved 1114112K
  class space    used 9352K, committed 9664K, reserved 1048576K
}
Event: 407.897 GC heap after
{Heap after GC invocations=93 (full 34):
 garbage-first heap   total 266240K, used 79034K [0x00000000c0000000, 0x0000000100000000)
  region size 1024K, 0 young (0K), 0 survivors (0K)
 Metaspace       used 69046K, committed 69824K, reserved 1114112K
  class space    used 9352K, committed 9664K, reserved 1048576K
}
Event: 419.018 GC heap before
{Heap before GC invocations=93 (full 34):
 garbage-first heap   total 266240K, used 79034K [0x00000000c0000000, 0x0000000100000000)
  region size 1024K, 1 young (1024K), 0 survivors (0K)
 Metaspace       used 69046K, committed 69824K, reserved 1114112K
  class space    used 9352K, committed 9664K, reserved 1048576K
}
Event: 419.062 GC heap after
{Heap after GC invocations=94 (full 35):
 garbage-first heap   total 266240K, used 79034K [0x00000000c0000000, 0x0000000100000000)
  region size 1024K, 0 young (0K), 0 survivors (0K)
 Metaspace       used 69046K, committed 69824K, reserved 1114112K
  class space    used 9352K, committed 9664K, reserved 1048576K
}

